\BOOKMARK [0][-]{chapter.1}{Review\040of\040Probability}{}% 1
\BOOKMARK [1][-]{section.1.1}{Probability\040Spaces}{chapter.1}% 2
\BOOKMARK [1][-]{section.1.2}{Random\040Variables}{chapter.1}% 3
\BOOKMARK [1][-]{section.1.3}{Expectation}{chapter.1}% 4
\BOOKMARK [1][-]{section.1.4}{Joint\040Distributions}{chapter.1}% 5
\BOOKMARK [1][-]{section.1.5}{Independence}{chapter.1}% 6
\BOOKMARK [0][-]{chapter.2}{Conditional\040Distributions}{}% 7
\BOOKMARK [1][-]{section.2.1}{Jointly\040Discrete\040Case}{chapter.2}% 8
\BOOKMARK [1][-]{section.2.2}{Jointly\040Continuous\040Case}{chapter.2}% 9
\BOOKMARK [1][-]{section.2.3}{Conditioning}{chapter.2}% 10
\BOOKMARK [0][-]{chapter.3}{Markov\040Chains}{}% 11
\BOOKMARK [1][-]{section.3.1}{Markov\040Chains}{chapter.3}% 12
\BOOKMARK [1][-]{section.3.2}{Accessibility\040and\040Communication}{chapter.3}% 13
\BOOKMARK [1][-]{section.3.3}{Periodicity}{chapter.3}% 14
\BOOKMARK [1][-]{section.3.4}{Transience\040and\040Recurrence}{chapter.3}% 15
\BOOKMARK [1][-]{section.3.5}{Random\040Walk}{chapter.3}% 16
\BOOKMARK [1][-]{section.3.6}{Limiting\040Behaviors\040of\040DTMCs}{chapter.3}% 17
\BOOKMARK [1][-]{section.3.7}{Galton-Watson\040Branching\040Process}{chapter.3}% 18
\BOOKMARK [1][-]{section.3.8}{Gambler's\040Ruin}{chapter.3}% 19
\BOOKMARK [0][-]{chapter.4}{Poisson\040Processes}{}% 20
\BOOKMARK [1][-]{section.4.1}{Exponential\040Distribution}{chapter.4}% 21
\BOOKMARK [1][-]{section.4.2}{Poisson\040Processes}{chapter.4}% 22
\BOOKMARK [1][-]{section.4.3}{Generalizations\040of\040Poisson\040Processes}{chapter.4}% 23
